1 10.00

2 10.01

3 12.88

4 14.26

5 18.02

6 18.20

7 19.74

8 21.97

9 21.37

10 23.03

11 23.14

12 24.17

13 24.57

14 23.06

15 26.08

16 25.64

17 28.28

18 27.36

19 29.19

20 25.42

21 30.69

22 32.39

23 30.30

24 32.56

25 31.57

26 32.94

27 34.12

28 32.53

29 34.90

30 35.29

31 34.59

32 33.60

33 34.56

34 34.43

35 35.11

36 36.71

37 36.30

38 36.77

39 37.73

40 37.83

41 37.78

42 37.47

43 38.84

44 35.99

45 40.27

46 37.80

47 38.66

48 41.03

49 38.94

50 40.47

51 39.57

52 39.85

53 39.00

54 41.40

55 40.70

56 41.89

57 40.12

58 42.41

59 43.05

60 42.83

61 41.74

62 43.61

63 42.64

64 42.26

65 43.61

66 44.05

67 43.09

68 44.07

69 44.33

70 43.03

71 42.80

72 44.48

73 44.22

74 44.57

75 44.81

76 45.00

77 44.79

78 45.42

79 44.29

80 43.81

81 43.29

82 44.56

83 45.83

84 45.48

85 45.43

86 44.64

87 42.49

88 46.32

89 45.68

90 45.43

91 45.36

92 45.76

93 45.13

94 44.28

95 46.74

96 46.57

97 46.69

98 46.38

99 45.91

100 46.65

1 9.97

2 10.29

3 11.14

4 11.39

5 14.91

6 13.94

7 17.12

8 18.53

9 20.99

10 19.85

11 19.93

12 19.23

13 20.64

14 21.30

15 22.69

16 23.59

17 23.28

18 25.50

19 24.48

20 25.82

21 25.36

22 27.07

23 26.72

24 28.88

25 27.44

26 27.25

27 28.18

28 28.46

29 27.57

30 28.32

31 29.08

32 28.87

33 31.52

34 31.37

35 32.05

36 32.90

37 28.58

38 32.59

39 31.79

40 33.21

41 34.91

42 35.69

43 35.04

44 36.58

45 37.01

46 34.88

47 37.42

48 38.04

49 38.69

50 39.54

51 39.89

52 37.93

53 36.45

54 37.15

55 39.96

56 39.78

57 40.20

58 40.44

59 39.00

60 38.92

61 39.10

62 41.55

63 38.53

64 41.82

65 38.46

66 42.78

67 42.72

68 42.36

69 41.07

70 40.17

71 41.85

72 41.13

73 41.70

74 42.21

75 42.97

76 42.27

77 43.69

78 42.18

79 44.21

80 43.24

81 44.12

82 42.23

83 44.72

84 44.82

85 44.72

86 43.39

87 45.14

88 45.25

89 44.24

90 45.39

91 43.24

92 43.30

93 46.07

94 45.15

95 45.93

96 44.98

97 45.85

98 45.78

99 44.54

100 45.36

101 45.14

102 45.83

103 45.77

104 45.03

105 45.65

106 45.41

107 46.49

108 46.35

109 45.55

110 46.68

111 46.43

112 44.68

113 46.68

114 45.77

115 46.72

116 45.73

117 46.86

118 46.44

119 46.64

120 46.24

121 46.16

122 46.60

123 45.68

124 47.42

125 46.79

126 47.50

127 47.56

128 46.49

129 47.79

130 47.34

131 46.67

132 47.26

133 47.26

134 47.51

135 47.20

136 46.76

137 48.50

138 48.12

139 47.71

140 47.18

141 47.51

142 46.92

143 47.97

144 47.32

145 46.76

146 47.45

147 47.12

148 47.80

149 48.15

150 47.30

151 46.78

152 47.78

153 47.63

154 48.84

155 47.86

156 48.95

157 47.88

158 48.32

159 48.78

160 48.06

161 48.30

162 48.38

163 48.99

164 48.21

165 47.26

166 47.56

167 48.48

168 48.83

169 49.04

170 48.42

171 47.87

172 47.25

173 48.16

174 47.97

175 48.73

176 47.63

177 49.01

178 47.72

179 47.32

180 47.90

181 47.73

182 48.93

183 48.45

184 48.26

185 48.22

186 49.10

187 47.20

188 47.75

189 48.87

190 48.99

191 49.50

192 47.94

193 48.20

194 46.88

195 48.83

196 46.86

197 48.94

198 47.91

199 48.95

200 47.91

