1 10.00

2 9.98

3 10.04

4 16.92

5 15.45

6 10.00

7 15.36

8 13.27

9 12.41

10 11.34

11 10.11

12 13.04

13 17.02

14 15.98

15 14.61

16 15.33

17 10.19

18 16.91

19 16.00

20 20.19

21 12.52

22 15.89

23 21.97

24 16.50

25 10.11

26 17.81

27 14.76

28 12.26

29 21.51

30 20.76

31 24.83

32 15.28

33 25.27

34 21.29

35 22.33

36 23.21

37 22.08

38 25.34

39 21.87

40 24.23

41 25.58

42 26.56

43 16.69

44 18.00

45 24.73

46 19.78

47 22.10

48 23.85

49 22.63

50 23.07

1 10.00

2 9.98

3 11.54

